2019-05-02 14:38:29 - PHP Notice:  Undefined offset: 3 in D:\GekaGet\MarkUP\OSPanel\domains\sublimoc.com\catalog\view\theme\up-theme\template\common\footer.tpl on line 4
2019-05-02 14:38:29 - PHP Notice:  Undefined offset: 3 in D:\GekaGet\MarkUP\OSPanel\domains\sublimoc.com\catalog\view\theme\up-theme\template\common\footer.tpl on line 4
2019-05-02 14:38:29 - PHP Notice:  Undefined offset: 3 in D:\GekaGet\MarkUP\OSPanel\domains\sublimoc.com\catalog\view\theme\up-theme\template\common\footer.tpl on line 4
2019-05-02 14:38:29 - PHP Notice:  Undefined offset: 3 in D:\GekaGet\MarkUP\OSPanel\domains\sublimoc.com\catalog\view\theme\up-theme\template\common\footer.tpl on line 4
2019-05-02 14:38:30 - PHP Notice:  Undefined offset: 3 in D:\GekaGet\MarkUP\OSPanel\domains\sublimoc.com\catalog\view\theme\up-theme\template\common\header.tpl on line 1870
2019-05-02 14:38:30 - PHP Notice:  Undefined offset: 3 in D:\GekaGet\MarkUP\OSPanel\domains\sublimoc.com\catalog\view\theme\up-theme\template\common\header.tpl on line 1870
2019-05-02 14:38:30 - PHP Notice:  Undefined offset: 3 in D:\GekaGet\MarkUP\OSPanel\domains\sublimoc.com\catalog\view\theme\up-theme\template\common\header.tpl on line 1870
2019-05-02 14:38:30 - PHP Notice:  Undefined offset: 3 in D:\GekaGet\MarkUP\OSPanel\domains\sublimoc.com\catalog\view\theme\up-theme\template\common\header.tpl on line 1870
2019-05-02 14:38:30 - PHP Notice:  Undefined offset: 3 in D:\GekaGet\MarkUP\OSPanel\domains\sublimoc.com\catalog\view\theme\up-theme\template\common\header.tpl on line 1870
2019-05-02 14:38:30 - PHP Notice:  Undefined offset: 3 in D:\GekaGet\MarkUP\OSPanel\domains\sublimoc.com\catalog\view\theme\up-theme\template\common\header.tpl on line 1870
2019-05-02 14:38:30 - PHP Notice:  Undefined offset: 3 in D:\GekaGet\MarkUP\OSPanel\domains\sublimoc.com\catalog\view\theme\up-theme\template\common\header.tpl on line 1870
2019-05-02 14:38:30 - PHP Notice:  Undefined offset: 3 in D:\GekaGet\MarkUP\OSPanel\domains\sublimoc.com\catalog\view\theme\up-theme\template\common\header.tpl on line 1870
2019-05-02 14:38:30 - PHP Notice:  Undefined offset: 3 in D:\GekaGet\MarkUP\OSPanel\domains\sublimoc.com\catalog\view\theme\up-theme\template\common\header.tpl on line 1870
2019-05-02 14:38:30 - PHP Notice:  Undefined offset: 3 in D:\GekaGet\MarkUP\OSPanel\domains\sublimoc.com\catalog\view\theme\up-theme\template\common\header.tpl on line 1870
2019-05-02 14:38:30 - PHP Notice:  Undefined offset: 3 in D:\GekaGet\MarkUP\OSPanel\domains\sublimoc.com\catalog\view\theme\up-theme\template\common\header.tpl on line 1870
2019-05-02 14:38:30 - PHP Notice:  Undefined offset: 3 in D:\GekaGet\MarkUP\OSPanel\domains\sublimoc.com\catalog\view\theme\up-theme\template\common\header.tpl on line 1870
2019-05-02 14:38:30 - PHP Notice:  Undefined offset: 3 in D:\GekaGet\MarkUP\OSPanel\domains\sublimoc.com\catalog\view\theme\up-theme\template\common\header.tpl on line 1870
2019-05-02 14:38:30 - PHP Notice:  Undefined offset: 3 in D:\GekaGet\MarkUP\OSPanel\domains\sublimoc.com\catalog\view\theme\up-theme\template\common\header.tpl on line 1870
2019-05-02 14:38:30 - PHP Notice:  Undefined offset: 3 in D:\GekaGet\MarkUP\OSPanel\domains\sublimoc.com\catalog\view\theme\up-theme\template\common\header.tpl on line 1870
2019-05-02 14:41:09 - PHP Notice:  Undefined offset: 3 in D:\GekaGet\MarkUP\OSPanel\domains\sublimoc.com\catalog\view\theme\up-theme\template\common\footer.tpl on line 4
2019-05-02 14:41:09 - PHP Notice:  Undefined offset: 3 in D:\GekaGet\MarkUP\OSPanel\domains\sublimoc.com\catalog\view\theme\up-theme\template\common\footer.tpl on line 4
2019-05-02 14:41:09 - PHP Notice:  Undefined offset: 3 in D:\GekaGet\MarkUP\OSPanel\domains\sublimoc.com\catalog\view\theme\up-theme\template\common\footer.tpl on line 4
2019-05-02 14:41:09 - PHP Notice:  Undefined offset: 3 in D:\GekaGet\MarkUP\OSPanel\domains\sublimoc.com\catalog\view\theme\up-theme\template\common\footer.tpl on line 4
2019-05-02 14:41:09 - PHP Notice:  Undefined offset: 3 in D:\GekaGet\MarkUP\OSPanel\domains\sublimoc.com\catalog\view\theme\up-theme\template\common\header.tpl on line 1870
2019-05-02 14:41:09 - PHP Notice:  Undefined offset: 3 in D:\GekaGet\MarkUP\OSPanel\domains\sublimoc.com\catalog\view\theme\up-theme\template\common\header.tpl on line 1870
2019-05-02 14:41:09 - PHP Notice:  Undefined offset: 3 in D:\GekaGet\MarkUP\OSPanel\domains\sublimoc.com\catalog\view\theme\up-theme\template\common\header.tpl on line 1870
2019-05-02 14:41:09 - PHP Notice:  Undefined offset: 3 in D:\GekaGet\MarkUP\OSPanel\domains\sublimoc.com\catalog\view\theme\up-theme\template\common\header.tpl on line 1870
2019-05-02 14:41:09 - PHP Notice:  Undefined offset: 3 in D:\GekaGet\MarkUP\OSPanel\domains\sublimoc.com\catalog\view\theme\up-theme\template\common\header.tpl on line 1870
2019-05-02 14:41:09 - PHP Notice:  Undefined offset: 3 in D:\GekaGet\MarkUP\OSPanel\domains\sublimoc.com\catalog\view\theme\up-theme\template\common\header.tpl on line 1870
2019-05-02 14:41:09 - PHP Notice:  Undefined offset: 3 in D:\GekaGet\MarkUP\OSPanel\domains\sublimoc.com\catalog\view\theme\up-theme\template\common\header.tpl on line 1870
2019-05-02 14:41:09 - PHP Notice:  Undefined offset: 3 in D:\GekaGet\MarkUP\OSPanel\domains\sublimoc.com\catalog\view\theme\up-theme\template\common\header.tpl on line 1870
2019-05-02 14:41:09 - PHP Notice:  Undefined offset: 3 in D:\GekaGet\MarkUP\OSPanel\domains\sublimoc.com\catalog\view\theme\up-theme\template\common\header.tpl on line 1870
2019-05-02 14:41:09 - PHP Notice:  Undefined offset: 3 in D:\GekaGet\MarkUP\OSPanel\domains\sublimoc.com\catalog\view\theme\up-theme\template\common\header.tpl on line 1870
2019-05-02 14:41:09 - PHP Notice:  Undefined offset: 3 in D:\GekaGet\MarkUP\OSPanel\domains\sublimoc.com\catalog\view\theme\up-theme\template\common\header.tpl on line 1870
2019-05-02 14:41:09 - PHP Notice:  Undefined offset: 3 in D:\GekaGet\MarkUP\OSPanel\domains\sublimoc.com\catalog\view\theme\up-theme\template\common\header.tpl on line 1870
2019-05-02 14:41:09 - PHP Notice:  Undefined offset: 3 in D:\GekaGet\MarkUP\OSPanel\domains\sublimoc.com\catalog\view\theme\up-theme\template\common\header.tpl on line 1870
2019-05-02 14:41:09 - PHP Notice:  Undefined offset: 3 in D:\GekaGet\MarkUP\OSPanel\domains\sublimoc.com\catalog\view\theme\up-theme\template\common\header.tpl on line 1870
2019-05-02 14:41:09 - PHP Notice:  Undefined offset: 3 in D:\GekaGet\MarkUP\OSPanel\domains\sublimoc.com\catalog\view\theme\up-theme\template\common\header.tpl on line 1870
2019-05-02 14:46:58 - PHP Notice:  Undefined offset: 3 in D:\GekaGet\MarkUP\OSPanel\domains\sublimoc.com\catalog\view\theme\up-theme\template\common\footer.tpl on line 4
2019-05-02 14:46:58 - PHP Notice:  Undefined offset: 3 in D:\GekaGet\MarkUP\OSPanel\domains\sublimoc.com\catalog\view\theme\up-theme\template\common\footer.tpl on line 4
2019-05-02 14:46:58 - PHP Notice:  Undefined offset: 3 in D:\GekaGet\MarkUP\OSPanel\domains\sublimoc.com\catalog\view\theme\up-theme\template\common\footer.tpl on line 4
2019-05-02 14:46:58 - PHP Notice:  Undefined offset: 3 in D:\GekaGet\MarkUP\OSPanel\domains\sublimoc.com\catalog\view\theme\up-theme\template\common\footer.tpl on line 4
2019-05-02 14:46:58 - PHP Notice:  Undefined offset: 3 in D:\GekaGet\MarkUP\OSPanel\domains\sublimoc.com\catalog\view\theme\up-theme\template\common\header.tpl on line 1870
2019-05-02 14:46:58 - PHP Notice:  Undefined offset: 3 in D:\GekaGet\MarkUP\OSPanel\domains\sublimoc.com\catalog\view\theme\up-theme\template\common\header.tpl on line 1870
2019-05-02 14:46:58 - PHP Notice:  Undefined offset: 3 in D:\GekaGet\MarkUP\OSPanel\domains\sublimoc.com\catalog\view\theme\up-theme\template\common\header.tpl on line 1870
2019-05-02 14:46:58 - PHP Notice:  Undefined offset: 3 in D:\GekaGet\MarkUP\OSPanel\domains\sublimoc.com\catalog\view\theme\up-theme\template\common\header.tpl on line 1870
2019-05-02 14:46:58 - PHP Notice:  Undefined offset: 3 in D:\GekaGet\MarkUP\OSPanel\domains\sublimoc.com\catalog\view\theme\up-theme\template\common\header.tpl on line 1870
2019-05-02 14:46:58 - PHP Notice:  Undefined offset: 3 in D:\GekaGet\MarkUP\OSPanel\domains\sublimoc.com\catalog\view\theme\up-theme\template\common\header.tpl on line 1870
2019-05-02 14:46:58 - PHP Notice:  Undefined offset: 3 in D:\GekaGet\MarkUP\OSPanel\domains\sublimoc.com\catalog\view\theme\up-theme\template\common\header.tpl on line 1870
2019-05-02 14:46:58 - PHP Notice:  Undefined offset: 3 in D:\GekaGet\MarkUP\OSPanel\domains\sublimoc.com\catalog\view\theme\up-theme\template\common\header.tpl on line 1870
2019-05-02 14:46:58 - PHP Notice:  Undefined offset: 3 in D:\GekaGet\MarkUP\OSPanel\domains\sublimoc.com\catalog\view\theme\up-theme\template\common\header.tpl on line 1870
2019-05-02 14:46:58 - PHP Notice:  Undefined offset: 3 in D:\GekaGet\MarkUP\OSPanel\domains\sublimoc.com\catalog\view\theme\up-theme\template\common\header.tpl on line 1870
2019-05-02 14:46:58 - PHP Notice:  Undefined offset: 3 in D:\GekaGet\MarkUP\OSPanel\domains\sublimoc.com\catalog\view\theme\up-theme\template\common\header.tpl on line 1870
2019-05-02 14:46:58 - PHP Notice:  Undefined offset: 3 in D:\GekaGet\MarkUP\OSPanel\domains\sublimoc.com\catalog\view\theme\up-theme\template\common\header.tpl on line 1870
2019-05-02 14:46:58 - PHP Notice:  Undefined offset: 3 in D:\GekaGet\MarkUP\OSPanel\domains\sublimoc.com\catalog\view\theme\up-theme\template\common\header.tpl on line 1870
2019-05-02 14:46:58 - PHP Notice:  Undefined offset: 3 in D:\GekaGet\MarkUP\OSPanel\domains\sublimoc.com\catalog\view\theme\up-theme\template\common\header.tpl on line 1870
2019-05-02 14:46:58 - PHP Notice:  Undefined offset: 3 in D:\GekaGet\MarkUP\OSPanel\domains\sublimoc.com\catalog\view\theme\up-theme\template\common\header.tpl on line 1870
2019-05-02 14:53:46 - PHP Notice:  Undefined offset: 3 in D:\GekaGet\MarkUP\OSPanel\domains\sublimoc.com\catalog\view\theme\up-theme\template\common\footer.tpl on line 4
2019-05-02 14:53:46 - PHP Notice:  Undefined offset: 3 in D:\GekaGet\MarkUP\OSPanel\domains\sublimoc.com\catalog\view\theme\up-theme\template\common\footer.tpl on line 4
2019-05-02 14:53:46 - PHP Notice:  Undefined offset: 3 in D:\GekaGet\MarkUP\OSPanel\domains\sublimoc.com\catalog\view\theme\up-theme\template\common\footer.tpl on line 4
2019-05-02 14:53:46 - PHP Notice:  Undefined offset: 3 in D:\GekaGet\MarkUP\OSPanel\domains\sublimoc.com\catalog\view\theme\up-theme\template\common\footer.tpl on line 4
2019-05-02 14:53:46 - PHP Notice:  Undefined offset: 3 in D:\GekaGet\MarkUP\OSPanel\domains\sublimoc.com\catalog\view\theme\up-theme\template\common\header.tpl on line 1870
2019-05-02 14:53:46 - PHP Notice:  Undefined offset: 3 in D:\GekaGet\MarkUP\OSPanel\domains\sublimoc.com\catalog\view\theme\up-theme\template\common\header.tpl on line 1870
2019-05-02 14:53:46 - PHP Notice:  Undefined offset: 3 in D:\GekaGet\MarkUP\OSPanel\domains\sublimoc.com\catalog\view\theme\up-theme\template\common\header.tpl on line 1870
2019-05-02 14:53:46 - PHP Notice:  Undefined offset: 3 in D:\GekaGet\MarkUP\OSPanel\domains\sublimoc.com\catalog\view\theme\up-theme\template\common\header.tpl on line 1870
2019-05-02 14:53:46 - PHP Notice:  Undefined offset: 3 in D:\GekaGet\MarkUP\OSPanel\domains\sublimoc.com\catalog\view\theme\up-theme\template\common\header.tpl on line 1870
2019-05-02 14:53:46 - PHP Notice:  Undefined offset: 3 in D:\GekaGet\MarkUP\OSPanel\domains\sublimoc.com\catalog\view\theme\up-theme\template\common\header.tpl on line 1870
2019-05-02 14:53:46 - PHP Notice:  Undefined offset: 3 in D:\GekaGet\MarkUP\OSPanel\domains\sublimoc.com\catalog\view\theme\up-theme\template\common\header.tpl on line 1870
2019-05-02 14:53:46 - PHP Notice:  Undefined offset: 3 in D:\GekaGet\MarkUP\OSPanel\domains\sublimoc.com\catalog\view\theme\up-theme\template\common\header.tpl on line 1870
2019-05-02 14:53:46 - PHP Notice:  Undefined offset: 3 in D:\GekaGet\MarkUP\OSPanel\domains\sublimoc.com\catalog\view\theme\up-theme\template\common\header.tpl on line 1870
2019-05-02 14:53:46 - PHP Notice:  Undefined offset: 3 in D:\GekaGet\MarkUP\OSPanel\domains\sublimoc.com\catalog\view\theme\up-theme\template\common\header.tpl on line 1870
2019-05-02 14:53:46 - PHP Notice:  Undefined offset: 3 in D:\GekaGet\MarkUP\OSPanel\domains\sublimoc.com\catalog\view\theme\up-theme\template\common\header.tpl on line 1870
2019-05-02 14:53:46 - PHP Notice:  Undefined offset: 3 in D:\GekaGet\MarkUP\OSPanel\domains\sublimoc.com\catalog\view\theme\up-theme\template\common\header.tpl on line 1870
2019-05-02 14:53:46 - PHP Notice:  Undefined offset: 3 in D:\GekaGet\MarkUP\OSPanel\domains\sublimoc.com\catalog\view\theme\up-theme\template\common\header.tpl on line 1870
2019-05-02 14:53:46 - PHP Notice:  Undefined offset: 3 in D:\GekaGet\MarkUP\OSPanel\domains\sublimoc.com\catalog\view\theme\up-theme\template\common\header.tpl on line 1870
2019-05-02 14:53:46 - PHP Notice:  Undefined offset: 3 in D:\GekaGet\MarkUP\OSPanel\domains\sublimoc.com\catalog\view\theme\up-theme\template\common\header.tpl on line 1870
2019-05-02 14:56:30 - PHP Notice:  Undefined offset: 3 in D:\GekaGet\MarkUP\OSPanel\domains\sublimoc.com\catalog\view\theme\up-theme\template\common\footer.tpl on line 4
2019-05-02 14:56:30 - PHP Notice:  Undefined offset: 3 in D:\GekaGet\MarkUP\OSPanel\domains\sublimoc.com\catalog\view\theme\up-theme\template\common\footer.tpl on line 4
2019-05-02 14:56:30 - PHP Notice:  Undefined offset: 3 in D:\GekaGet\MarkUP\OSPanel\domains\sublimoc.com\catalog\view\theme\up-theme\template\common\footer.tpl on line 4
2019-05-02 14:56:30 - PHP Notice:  Undefined offset: 3 in D:\GekaGet\MarkUP\OSPanel\domains\sublimoc.com\catalog\view\theme\up-theme\template\common\footer.tpl on line 4
2019-05-02 14:56:31 - PHP Notice:  Undefined offset: 3 in D:\GekaGet\MarkUP\OSPanel\domains\sublimoc.com\catalog\view\theme\up-theme\template\common\header.tpl on line 1870
2019-05-02 14:56:31 - PHP Notice:  Undefined offset: 3 in D:\GekaGet\MarkUP\OSPanel\domains\sublimoc.com\catalog\view\theme\up-theme\template\common\header.tpl on line 1870
2019-05-02 14:56:31 - PHP Notice:  Undefined offset: 3 in D:\GekaGet\MarkUP\OSPanel\domains\sublimoc.com\catalog\view\theme\up-theme\template\common\header.tpl on line 1870
2019-05-02 14:56:31 - PHP Notice:  Undefined offset: 3 in D:\GekaGet\MarkUP\OSPanel\domains\sublimoc.com\catalog\view\theme\up-theme\template\common\header.tpl on line 1870
2019-05-02 14:56:31 - PHP Notice:  Undefined offset: 3 in D:\GekaGet\MarkUP\OSPanel\domains\sublimoc.com\catalog\view\theme\up-theme\template\common\header.tpl on line 1870
2019-05-02 14:56:31 - PHP Notice:  Undefined offset: 3 in D:\GekaGet\MarkUP\OSPanel\domains\sublimoc.com\catalog\view\theme\up-theme\template\common\header.tpl on line 1870
2019-05-02 14:56:31 - PHP Notice:  Undefined offset: 3 in D:\GekaGet\MarkUP\OSPanel\domains\sublimoc.com\catalog\view\theme\up-theme\template\common\header.tpl on line 1870
2019-05-02 14:56:31 - PHP Notice:  Undefined offset: 3 in D:\GekaGet\MarkUP\OSPanel\domains\sublimoc.com\catalog\view\theme\up-theme\template\common\header.tpl on line 1870
2019-05-02 14:56:31 - PHP Notice:  Undefined offset: 3 in D:\GekaGet\MarkUP\OSPanel\domains\sublimoc.com\catalog\view\theme\up-theme\template\common\header.tpl on line 1870
2019-05-02 14:56:31 - PHP Notice:  Undefined offset: 3 in D:\GekaGet\MarkUP\OSPanel\domains\sublimoc.com\catalog\view\theme\up-theme\template\common\header.tpl on line 1870
2019-05-02 14:56:31 - PHP Notice:  Undefined offset: 3 in D:\GekaGet\MarkUP\OSPanel\domains\sublimoc.com\catalog\view\theme\up-theme\template\common\header.tpl on line 1870
2019-05-02 14:56:31 - PHP Notice:  Undefined offset: 3 in D:\GekaGet\MarkUP\OSPanel\domains\sublimoc.com\catalog\view\theme\up-theme\template\common\header.tpl on line 1870
2019-05-02 14:56:31 - PHP Notice:  Undefined offset: 3 in D:\GekaGet\MarkUP\OSPanel\domains\sublimoc.com\catalog\view\theme\up-theme\template\common\header.tpl on line 1870
2019-05-02 14:56:31 - PHP Notice:  Undefined offset: 3 in D:\GekaGet\MarkUP\OSPanel\domains\sublimoc.com\catalog\view\theme\up-theme\template\common\header.tpl on line 1870
2019-05-02 14:56:31 - PHP Notice:  Undefined offset: 3 in D:\GekaGet\MarkUP\OSPanel\domains\sublimoc.com\catalog\view\theme\up-theme\template\common\header.tpl on line 1870
2020-03-31 19:30:54 - PHP Notice:  Undefined variable: og_url in W:\domains\sublimoc.com\catalog\view\theme\default\template\common\header.tpl on line 22
2020-03-31 19:30:54 - PHP Notice:  Undefined variable: og_image in W:\domains\sublimoc.com\catalog\view\theme\default\template\common\header.tpl on line 23
2020-03-31 19:30:54 - PHP Notice:  Undefined variable: og_url in W:\domains\sublimoc.com\catalog\view\theme\default\template\common\header.tpl on line 84
2020-03-31 19:30:57 - PHP Notice:  Undefined variable: og_url in W:\domains\sublimoc.com\catalog\view\theme\default\template\common\header.tpl on line 22
2020-03-31 19:30:57 - PHP Notice:  Undefined variable: og_image in W:\domains\sublimoc.com\catalog\view\theme\default\template\common\header.tpl on line 23
2020-03-31 19:30:57 - PHP Notice:  Undefined variable: og_url in W:\domains\sublimoc.com\catalog\view\theme\default\template\common\header.tpl on line 84
2020-03-31 19:34:11 - PHP Notice:  Undefined variable: og_url in W:\domains\sublimoc.com\catalog\view\theme\default\template\common\header.tpl on line 22
2020-03-31 19:34:11 - PHP Notice:  Undefined variable: og_image in W:\domains\sublimoc.com\catalog\view\theme\default\template\common\header.tpl on line 23
2020-03-31 19:34:11 - PHP Notice:  Undefined variable: og_url in W:\domains\sublimoc.com\catalog\view\theme\default\template\common\header.tpl on line 84
2020-03-31 19:43:36 - PHP Notice:  Undefined index: RUB in W:\domains\sublimoc.com\system\library\cart\currency.php on line 25
2020-03-31 19:43:36 - PHP Notice:  Undefined index: RUB in W:\domains\sublimoc.com\system\library\cart\currency.php on line 26
2020-03-31 19:43:36 - PHP Notice:  Undefined index: RUB in W:\domains\sublimoc.com\system\library\cart\currency.php on line 27
2020-03-31 19:43:36 - PHP Notice:  Undefined index: RUB in W:\domains\sublimoc.com\system\library\cart\currency.php on line 30
2020-03-31 19:43:36 - PHP Notice:  Undefined index: RUB in W:\domains\sublimoc.com\system\library\cart\currency.php on line 25
2020-03-31 19:43:36 - PHP Notice:  Undefined index: RUB in W:\domains\sublimoc.com\system\library\cart\currency.php on line 26
2020-03-31 19:43:36 - PHP Notice:  Undefined index: RUB in W:\domains\sublimoc.com\system\library\cart\currency.php on line 27
2020-03-31 19:43:36 - PHP Notice:  Undefined index: RUB in W:\domains\sublimoc.com\system\library\cart\currency.php on line 30
2020-03-31 19:43:36 - PHP Notice:  Undefined index: RUB in W:\domains\sublimoc.com\system\library\cart\currency.php on line 25
2020-03-31 19:43:36 - PHP Notice:  Undefined index: RUB in W:\domains\sublimoc.com\system\library\cart\currency.php on line 26
2020-03-31 19:43:36 - PHP Notice:  Undefined index: RUB in W:\domains\sublimoc.com\system\library\cart\currency.php on line 27
2020-03-31 19:43:36 - PHP Notice:  Undefined index: RUB in W:\domains\sublimoc.com\system\library\cart\currency.php on line 30
2020-03-31 19:43:36 - PHP Notice:  Undefined index: RUB in W:\domains\sublimoc.com\system\library\cart\currency.php on line 25
2020-03-31 19:43:36 - PHP Notice:  Undefined index: RUB in W:\domains\sublimoc.com\system\library\cart\currency.php on line 26
2020-03-31 19:43:36 - PHP Notice:  Undefined index: RUB in W:\domains\sublimoc.com\system\library\cart\currency.php on line 27
2020-03-31 19:43:36 - PHP Notice:  Undefined index: RUB in W:\domains\sublimoc.com\system\library\cart\currency.php on line 30
2020-03-31 19:43:37 - PHP Notice:  Undefined index: RUB in W:\domains\sublimoc.com\system\library\cart\currency.php on line 25
2020-03-31 19:43:37 - PHP Notice:  Undefined index: RUB in W:\domains\sublimoc.com\system\library\cart\currency.php on line 26
2020-03-31 19:43:37 - PHP Notice:  Undefined index: RUB in W:\domains\sublimoc.com\system\library\cart\currency.php on line 27
2020-03-31 19:43:37 - PHP Notice:  Undefined index: RUB in W:\domains\sublimoc.com\system\library\cart\currency.php on line 30
2020-03-31 19:43:37 - PHP Notice:  Undefined index: RUB in W:\domains\sublimoc.com\system\library\cart\currency.php on line 25
2020-03-31 19:43:37 - PHP Notice:  Undefined index: RUB in W:\domains\sublimoc.com\system\library\cart\currency.php on line 26
2020-03-31 19:43:37 - PHP Notice:  Undefined index: RUB in W:\domains\sublimoc.com\system\library\cart\currency.php on line 27
2020-03-31 19:43:37 - PHP Notice:  Undefined index: RUB in W:\domains\sublimoc.com\system\library\cart\currency.php on line 30
2020-03-31 19:43:37 - PHP Notice:  Undefined index: RUB in W:\domains\sublimoc.com\system\library\cart\currency.php on line 25
2020-03-31 19:43:37 - PHP Notice:  Undefined index: RUB in W:\domains\sublimoc.com\system\library\cart\currency.php on line 26
2020-03-31 19:43:37 - PHP Notice:  Undefined index: RUB in W:\domains\sublimoc.com\system\library\cart\currency.php on line 27
2020-03-31 19:43:37 - PHP Notice:  Undefined index: RUB in W:\domains\sublimoc.com\system\library\cart\currency.php on line 30
2020-03-31 19:43:37 - PHP Notice:  Undefined index: RUB in W:\domains\sublimoc.com\system\library\cart\currency.php on line 25
2020-03-31 19:43:37 - PHP Notice:  Undefined index: RUB in W:\domains\sublimoc.com\system\library\cart\currency.php on line 26
2020-03-31 19:43:37 - PHP Notice:  Undefined index: RUB in W:\domains\sublimoc.com\system\library\cart\currency.php on line 27
2020-03-31 19:43:37 - PHP Notice:  Undefined index: RUB in W:\domains\sublimoc.com\system\library\cart\currency.php on line 30
2020-03-31 19:43:37 - PHP Notice:  Undefined index: RUB in W:\domains\sublimoc.com\system\library\cart\currency.php on line 25
2020-03-31 19:43:37 - PHP Notice:  Undefined index: RUB in W:\domains\sublimoc.com\system\library\cart\currency.php on line 26
2020-03-31 19:43:37 - PHP Notice:  Undefined index: RUB in W:\domains\sublimoc.com\system\library\cart\currency.php on line 27
2020-03-31 19:43:37 - PHP Notice:  Undefined index: RUB in W:\domains\sublimoc.com\system\library\cart\currency.php on line 30
2020-03-31 19:43:37 - PHP Notice:  Undefined index: RUB in W:\domains\sublimoc.com\system\library\cart\currency.php on line 25
2020-03-31 19:43:37 - PHP Notice:  Undefined index: RUB in W:\domains\sublimoc.com\system\library\cart\currency.php on line 26
2020-03-31 19:43:37 - PHP Notice:  Undefined index: RUB in W:\domains\sublimoc.com\system\library\cart\currency.php on line 27
2020-03-31 19:43:37 - PHP Notice:  Undefined index: RUB in W:\domains\sublimoc.com\system\library\cart\currency.php on line 30
2020-03-31 19:43:37 - PHP Notice:  Undefined index: RUB in W:\domains\sublimoc.com\system\library\cart\currency.php on line 25
2020-03-31 19:43:37 - PHP Notice:  Undefined index: RUB in W:\domains\sublimoc.com\system\library\cart\currency.php on line 26
2020-03-31 19:43:37 - PHP Notice:  Undefined index: RUB in W:\domains\sublimoc.com\system\library\cart\currency.php on line 27
2020-03-31 19:43:37 - PHP Notice:  Undefined index: RUB in W:\domains\sublimoc.com\system\library\cart\currency.php on line 30
2020-03-31 19:43:37 - PHP Notice:  Undefined index: RUB in W:\domains\sublimoc.com\system\library\cart\currency.php on line 25
2020-03-31 19:43:37 - PHP Notice:  Undefined index: RUB in W:\domains\sublimoc.com\system\library\cart\currency.php on line 26
2020-03-31 19:43:37 - PHP Notice:  Undefined index: RUB in W:\domains\sublimoc.com\system\library\cart\currency.php on line 27
2020-03-31 19:43:37 - PHP Notice:  Undefined index: RUB in W:\domains\sublimoc.com\system\library\cart\currency.php on line 30
2020-03-31 19:43:37 - PHP Notice:  Undefined index: RUB in W:\domains\sublimoc.com\system\library\cart\currency.php on line 25
2020-03-31 19:43:37 - PHP Notice:  Undefined index: RUB in W:\domains\sublimoc.com\system\library\cart\currency.php on line 26
2020-03-31 19:43:37 - PHP Notice:  Undefined index: RUB in W:\domains\sublimoc.com\system\library\cart\currency.php on line 27
2020-03-31 19:43:37 - PHP Notice:  Undefined index: RUB in W:\domains\sublimoc.com\system\library\cart\currency.php on line 30
2020-04-01 1:02:14 - PHP Unknown:  preg_replace(): The /e modifier is deprecated, use preg_replace_callback instead in W:\domains\sublimoc.com\system\config\revslider\inc_php\revslider_slider.class.php on line 748
